Using base prefix '/Users/fran/anaconda3'
New python executable in /Users/fran/Documents/doc-popper2/popper-readthedocs-examples/pipelines/perihelion-mercury/virtual-environment-python-36/bin/python3.6
Not overwriting existing python script /Users/fran/Documents/doc-popper2/popper-readthedocs-examples/pipelines/perihelion-mercury/virtual-environment-python-36/bin/python (you must use /Users/fran/Documents/doc-popper2/popper-readthedocs-examples/pipelines/perihelion-mercury/virtual-environment-python-36/bin/python3.6)
Installing setuptools, pip, wheel...done.
Running virtualenv with interpreter /Users/fran/anaconda3/bin/python3.6
Requirement already up-to-date: pip in ./virtual-environment-python-36/lib/python3.6/site-packages (18.0)
Requirement already satisfied: vpython in ./virtual-environment-python-36/lib/python3.6/site-packages (7.4.4)
Requirement already satisfied: numpy in ./virtual-environment-python-36/lib/python3.6/site-packages (from vpython) (1.15.0)
Requirement already satisfied: vpnotebook in ./virtual-environment-python-36/lib/python3.6/site-packages (from vpython) (0.1.3)
Requirement already satisfied: jupyter in ./virtual-environment-python-36/lib/python3.6/site-packages (from vpython) (1.0.0)
Requirement already satisfied: autobahn in ./virtual-environment-python-36/lib/python3.6/site-packages (from vpython) (18.7.1)
Requirement already satisfied: nbconvert in ./virtual-environment-python-36/lib/python3.6/site-packages (from jupyter->vpython) (5.3.1)
Requirement already satisfied: jupyter-console in ./virtual-environment-python-36/lib/python3.6/site-packages (from jupyter->vpython) (5.2.0)
Requirement already satisfied: ipywidgets in ./virtual-environment-python-36/lib/python3.6/site-packages (from jupyter->vpython) (7.3.1)
Requirement already satisfied: ipykernel in ./virtual-environment-python-36/lib/python3.6/site-packages (from jupyter->vpython) (4.8.2)
Requirement already satisfied: notebook in ./virtual-environment-python-36/lib/python3.6/site-packages (from jupyter->vpython) (5.6.0)
Requirement already satisfied: qtconsole in ./virtual-environment-python-36/lib/python3.6/site-packages (from jupyter->vpython) (4.3.1)
Requirement already satisfied: txaio>=18.7.1 in ./virtual-environment-python-36/lib/python3.6/site-packages (from autobahn->vpython) (18.7.1)
Requirement already satisfied: six>=1.10.0 in ./virtual-environment-python-36/lib/python3.6/site-packages (from autobahn->vpython) (1.11.0)
Requirement already satisfied: nbformat>=4.4 in ./virtual-environment-python-36/lib/python3.6/site-packages (from nbconvert->jupyter->vpython) (4.4.0)
Requirement already satisfied: jupyter-core in ./virtual-environment-python-36/lib/python3.6/site-packages (from nbconvert->jupyter->vpython) (4.4.0)
Requirement already satisfied: pandocfilters>=1.4.1 in ./virtual-environment-python-36/lib/python3.6/site-packages (from nbconvert->jupyter->vpython) (1.4.2)
Requirement already satisfied: pygments in ./virtual-environment-python-36/lib/python3.6/site-packages (from nbconvert->jupyter->vpython) (2.2.0)
Requirement already satisfied: entrypoints>=0.2.2 in ./virtual-environment-python-36/lib/python3.6/site-packages (from nbconvert->jupyter->vpython) (0.2.3)
Requirement already satisfied: mistune>=0.7.4 in ./virtual-environment-python-36/lib/python3.6/site-packages (from nbconvert->jupyter->vpython) (0.8.3)
Requirement already satisfied: testpath in ./virtual-environment-python-36/lib/python3.6/site-packages (from nbconvert->jupyter->vpython) (0.3.1)
Requirement already satisfied: bleach in ./virtual-environment-python-36/lib/python3.6/site-packages (from nbconvert->jupyter->vpython) (2.1.3)
Requirement already satisfied: traitlets>=4.2 in ./virtual-environment-python-36/lib/python3.6/site-packages (from nbconvert->jupyter->vpython) (4.3.2)
Requirement already satisfied: jinja2 in ./virtual-environment-python-36/lib/python3.6/site-packages (from nbconvert->jupyter->vpython) (2.10)
Requirement already satisfied: ipython in ./virtual-environment-python-36/lib/python3.6/site-packages (from jupyter-console->jupyter->vpython) (6.5.0)
Requirement already satisfied: jupyter-client in ./virtual-environment-python-36/lib/python3.6/site-packages (from jupyter-console->jupyter->vpython) (5.2.3)
Requirement already satisfied: prompt-toolkit<2.0.0,>=1.0.0 in ./virtual-environment-python-36/lib/python3.6/site-packages (from jupyter-console->jupyter->vpython) (1.0.15)
Requirement already satisfied: widgetsnbextension~=3.3.0 in ./virtual-environment-python-36/lib/python3.6/site-packages (from ipywidgets->jupyter->vpython) (3.3.1)
Requirement already satisfied: tornado>=4.0 in ./virtual-environment-python-36/lib/python3.6/site-packages (from ipykernel->jupyter->vpython) (5.1)
Requirement already satisfied: prometheus-client in ./virtual-environment-python-36/lib/python3.6/site-packages (from notebook->jupyter->vpython) (0.3.1)
Requirement already satisfied: ipython-genutils in ./virtual-environment-python-36/lib/python3.6/site-packages (from notebook->jupyter->vpython) (0.2.0)
Requirement already satisfied: pyzmq>=17 in ./virtual-environment-python-36/lib/python3.6/site-packages (from notebook->jupyter->vpython) (17.1.0)
Requirement already satisfied: terminado>=0.8.1 in ./virtual-environment-python-36/lib/python3.6/site-packages (from notebook->jupyter->vpython) (0.8.1)
Requirement already satisfied: Send2Trash in ./virtual-environment-python-36/lib/python3.6/site-packages (from notebook->jupyter->vpython) (1.5.0)
Requirement already satisfied: jsonschema!=2.5.0,>=2.4 in ./virtual-environment-python-36/lib/python3.6/site-packages (from nbformat>=4.4->nbconvert->jupyter->vpython) (2.6.0)
Requirement already satisfied: html5lib!=1.0b1,!=1.0b2,!=1.0b3,!=1.0b4,!=1.0b5,!=1.0b6,!=1.0b7,!=1.0b8,>=0.99999999pre in ./virtual-environment-python-36/lib/python3.6/site-packages (from bleach->nbconvert->jupyter->vpython) (1.0.1)
Requirement already satisfied: decorator in ./virtual-environment-python-36/lib/python3.6/site-packages (from traitlets>=4.2->nbconvert->jupyter->vpython) (4.3.0)
Requirement already satisfied: MarkupSafe>=0.23 in ./virtual-environment-python-36/lib/python3.6/site-packages (from jinja2->nbconvert->jupyter->vpython) (1.0)
Requirement already satisfied: backcall in ./virtual-environment-python-36/lib/python3.6/site-packages (from ipython->jupyter-console->jupyter->vpython) (0.1.0)
Requirement already satisfied: pickleshare in ./virtual-environment-python-36/lib/python3.6/site-packages (from ipython->jupyter-console->jupyter->vpython) (0.7.4)
Requirement already satisfied: jedi>=0.10 in ./virtual-environment-python-36/lib/python3.6/site-packages (from ipython->jupyter-console->jupyter->vpython) (0.12.1)
Requirement already satisfied: pexpect; sys_platform != "win32" in ./virtual-environment-python-36/lib/python3.6/site-packages (from ipython->jupyter-console->jupyter->vpython) (4.6.0)
Requirement already satisfied: setuptools>=18.5 in ./virtual-environment-python-36/lib/python3.6/site-packages (from ipython->jupyter-console->jupyter->vpython) (40.0.0)
Requirement already satisfied: appnope; sys_platform == "darwin" in ./virtual-environment-python-36/lib/python3.6/site-packages (from ipython->jupyter-console->jupyter->vpython) (0.1.0)
Requirement already satisfied: simplegeneric>0.8 in ./virtual-environment-python-36/lib/python3.6/site-packages (from ipython->jupyter-console->jupyter->vpython) (0.8.1)
Requirement already satisfied: python-dateutil>=2.1 in ./virtual-environment-python-36/lib/python3.6/site-packages (from jupyter-client->jupyter-console->jupyter->vpython) (2.7.3)
Requirement already satisfied: wcwidth in ./virtual-environment-python-36/lib/python3.6/site-packages (from prompt-toolkit<2.0.0,>=1.0.0->jupyter-console->jupyter->vpython) (0.1.7)
Requirement already satisfied: ptyprocess; os_name != "nt" in ./virtual-environment-python-36/lib/python3.6/site-packages (from terminado>=0.8.1->notebook->jupyter->vpython) (0.6.0)
Requirement already satisfied: webencodings in ./virtual-environment-python-36/lib/python3.6/site-packages (from html5lib!=1.0b1,!=1.0b2,!=1.0b3,!=1.0b4,!=1.0b5,!=1.0b6,!=1.0b7,!=1.0b8,>=0.99999999pre->bleach->nbconvert->jupyter->vpython) (0.5.1)
Requirement already satisfied: parso>=0.3.0 in ./virtual-environment-python-36/lib/python3.6/site-packages (from jedi>=0.10->ipython->jupyter-console->jupyter->vpython) (0.3.1)
